<?xml version="1.0" encoding="UTF-8"?>
<!-- Generated by org.testng.reporters.JUnitXMLReporter -->
<testsuite ignored="5" hostname="DESKTOP-NJ97IE9" failures="0" tests="2" name="Default test" time="60.442" errors="0" timestamp="2024-03-26T16:17:55 IST">
  <testcase classname="Demo.OrangeHRM" name="addEmployee" time="23.716"/>
  <testcase classname="Demo.OrangeHRM" name="deleteEmployee" time="16.52"/>
  <testcase classname="Demo.OrangeHRM" name="loginTestWithValidCredential" time="0.0">
    <ignored/>
  </testcase> <!-- loginTestWithValidCredential -->
  <testcase classname="Demo.OrangeHRM" name="doLoginWithInvalidCredential" time="0.0">
    <ignored/>
  </testcase> <!-- doLoginWithInvalidCredential -->
  <testcase classname="Demo.OrangeHRM" name="searchEmployeeById" time="0.0">
    <ignored/>
  </testcase> <!-- searchEmployeeById -->
  <testcase classname="Demo.OrangeHRM" name="searchEmployeeNyName" time="0.0">
    <ignored/>
  </testcase> <!-- searchEmployeeNyName -->
  <testcase classname="Demo.OrangeHRM" name="fileUpload" time="0.0">
    <ignored/>
  </testcase> <!-- fileUpload -->
</testsuite> <!-- Default test -->
