<?xml version="1.0" encoding="UTF-8"?>
<!-- Generated by org.testng.reporters.JUnitXMLReporter -->
<testsuite ignored="0" hostname="DESKTOP-NJ97IE9" failures="0" tests="3" name="Default test" time="26.781" errors="0" timestamp="2024-03-13T14:51:34 IST">
  <testcase classname="Demo.OrangeHRM" name="doLoginWithInvalidCredential" time="3.499"/>
  <testcase classname="Demo.OrangeHRM" name="loginTestWithValidCredential" time="1.181"/>
  <testcase classname="Demo.OrangeHRM" name="addEmployee" time="10.722"/>
</testsuite> <!-- Default test -->
