<?xml version="1.0" encoding="UTF-8"?>
<testng-results ignored="4" total="5" passed="1" failed="0" skipped="0">
  <reporter-output>
  </reporter-output>
  <suite started-at="2024-03-15T16:00:42 IST" name="Default suite" finished-at="2024-03-15T16:01:04 IST" duration-ms="21527">
    <groups>
    </groups>
    <test started-at="2024-03-15T16:00:42 IST" name="Default test" finished-at="2024-03-15T16:01:04 IST" duration-ms="21527">
      <class name="Demo.OrangeHRM">
        <test-method is-config="true" signature="setup()[pri:0, instance:Demo.OrangeHRM@4efbca5a]" started-at="2024-03-15T16:00:42 IST" name="setup" finished-at="2024-03-15T16:00:48 IST" duration-ms="6194" status="PASS">
          <reporter-output>
          </reporter-output>
        </test-method> <!-- setup -->
        <test-method signature="searchEmployeeById()[pri:5, instance:Demo.OrangeHRM@4efbca5a]" started-at="2024-03-15T16:00:48 IST" name="searchEmployeeById" finished-at="2024-03-15T16:00:58 IST" duration-ms="9937" status="PASS">
          <reporter-output>
          </reporter-output>
        </test-method> <!-- searchEmployeeById -->
        <test-method is-config="true" signature="tearDown()[pri:0, instance:Demo.OrangeHRM@4efbca5a]" started-at="2024-03-15T16:00:58 IST" name="tearDown" finished-at="2024-03-15T16:01:04 IST" duration-ms="5360" status="PASS">
          <reporter-output>
          </reporter-output>
        </test-method> <!-- tearDown -->
      </class> <!-- Demo.OrangeHRM -->
    </test> <!-- Default test -->
  </suite> <!-- Default suite -->
</testng-results>
