<?xml version="1.0" encoding="UTF-8"?>
<testng-results ignored="8" total="9" passed="1" failed="0" skipped="0">
  <reporter-output>
  </reporter-output>
  <suite started-at="2024-04-03T13:09:24 IST" name="Default suite" finished-at="2024-04-03T13:09:51 IST" duration-ms="27389">
    <groups>
    </groups>
    <test started-at="2024-04-03T13:09:24 IST" name="Default test" finished-at="2024-04-03T13:09:51 IST" duration-ms="27389">
      <class name="Demo.OrangeHRM">
        <test-method is-config="true" signature="setup()[pri:0, instance:Demo.OrangeHRM@67c27493]" started-at="2024-04-03T13:09:24 IST" name="setup" finished-at="2024-04-03T13:09:29 IST" duration-ms="5373" status="PASS">
          <reporter-output>
          </reporter-output>
        </test-method> <!-- setup -->
        <test-method signature="applyLeave()[pri:9, instance:Demo.OrangeHRM@67c27493]" started-at="2024-04-03T13:09:29 IST" name="applyLeave" finished-at="2024-04-03T13:09:46 IST" duration-ms="16798" status="PASS">
          <reporter-output>
          </reporter-output>
        </test-method> <!-- applyLeave -->
        <test-method is-config="true" signature="tearDown()[pri:0, instance:Demo.OrangeHRM@67c27493]" started-at="2024-04-03T13:09:46 IST" name="tearDown" finished-at="2024-04-03T13:09:51 IST" duration-ms="5188" status="PASS">
          <reporter-output>
          </reporter-output>
        </test-method> <!-- tearDown -->
      </class> <!-- Demo.OrangeHRM -->
    </test> <!-- Default test -->
  </suite> <!-- Default suite -->
</testng-results>
